INFO  | 2021-09-22 07:54:05 | [main] javapratice.App (App.java:17) - Hello,WorldWill Be Printed On Info
WARN  | 2021-09-22 07:54:05 | [main] javapratice.App (App.java:18) - Hello,WorldWill Be Printed On Warn
ERROR | 2021-09-22 07:54:05 | [main] javapratice.App (App.java:19) - Hello,WorldWill Be Printed on Error
FATAL | 2021-09-22 07:54:05 | [main] javapratice.App (App.java:20) - Hello,WorldWill Be Printed On Fatal
INFO  | 2021-09-22 07:54:05 | [main] javapratice.App (App.java:21) - Appending string: Hello,World.
INFO  | 2021-09-22 07:54:13 | [main] javapratice.App (App.java:17) - Hello,WorldWill Be Printed On Info
WARN  | 2021-09-22 07:54:13 | [main] javapratice.App (App.java:18) - Hello,WorldWill Be Printed On Warn
ERROR | 2021-09-22 07:54:13 | [main] javapratice.App (App.java:19) - Hello,WorldWill Be Printed on Error
FATAL | 2021-09-22 07:54:13 | [main] javapratice.App (App.java:20) - Hello,WorldWill Be Printed On Fatal
INFO  | 2021-09-22 07:54:13 | [main] javapratice.App (App.java:21) - Appending string: Hello,World.
DEBUG | 2021-09-22 07:54:39 | [main] javapratice.App (App.java:16) - Hello,WorldWill Be Printed On Debug
INFO  | 2021-09-22 07:54:39 | [main] javapratice.App (App.java:17) - Hello,WorldWill Be Printed On Info
WARN  | 2021-09-22 07:54:39 | [main] javapratice.App (App.java:18) - Hello,WorldWill Be Printed On Warn
ERROR | 2021-09-22 07:54:39 | [main] javapratice.App (App.java:19) - Hello,WorldWill Be Printed on Error
FATAL | 2021-09-22 07:54:39 | [main] javapratice.App (App.java:20) - Hello,WorldWill Be Printed On Fatal
INFO  | 2021-09-22 07:54:39 | [main] javapratice.App (App.java:21) - Appending string: Hello,World.
DEBUG | 2021-09-22 08:04:25 | [main] javapratice.App (App.java:16) - Hello,WorldWill Be Printed On Debug
INFO  | 2021-09-22 08:04:25 | [main] javapratice.App (App.java:17) - Hello,WorldWill Be Printed On Info
WARN  | 2021-09-22 08:04:25 | [main] javapratice.App (App.java:18) - Hello,WorldWill Be Printed On Warn
ERROR | 2021-09-22 08:04:25 | [main] javapratice.App (App.java:19) - Hello,WorldWill Be Printed on Error
FATAL | 2021-09-22 08:04:25 | [main] javapratice.App (App.java:20) - Hello,WorldWill Be Printed On Fatal
INFO  | 2021-09-22 08:04:25 | [main] javapratice.App (App.java:21) - Appending string: Hello,World.
INFO  | 2021-09-22 08:26:48 | [main] javapratice.App (App.java:17) - Hello,WorldWill Be Printed On Info
WARN  | 2021-09-22 08:26:48 | [main] javapratice.App (App.java:18) - Hello,WorldWill Be Printed On Warn
ERROR | 2021-09-22 08:26:48 | [main] javapratice.App (App.java:19) - Hello,WorldWill Be Printed on Error
FATAL | 2021-09-22 08:26:48 | [main] javapratice.App (App.java:20) - Hello,WorldWill Be Printed On Fatal
INFO  | 2021-09-22 08:26:48 | [main] javapratice.App (App.java:21) - Appending string: Hello,World.
INFO  | 2021-09-22 08:27:41 | [main] javapratice.App (App.java:17) - Hello,WorldWill Be Printed On Info
WARN  | 2021-09-22 08:27:42 | [main] javapratice.App (App.java:18) - Hello,WorldWill Be Printed On Warn
ERROR | 2021-09-22 08:27:42 | [main] javapratice.App (App.java:19) - Hello,WorldWill Be Printed on Error
FATAL | 2021-09-22 08:27:42 | [main] javapratice.App (App.java:20) - Hello,WorldWill Be Printed On Fatal
INFO  | 2021-09-22 08:27:42 | [main] javapratice.App (App.java:21) - Appending string: Hello,World.
DEBUG | 2021-09-22 08:28:09 | [main] javapratice.App (App.java:16) - Hello,WorldWill Be Printed On Debug
INFO  | 2021-09-22 08:28:09 | [main] javapratice.App (App.java:17) - Hello,WorldWill Be Printed On Info
WARN  | 2021-09-22 08:28:09 | [main] javapratice.App (App.java:18) - Hello,WorldWill Be Printed On Warn
ERROR | 2021-09-22 08:28:09 | [main] javapratice.App (App.java:19) - Hello,WorldWill Be Printed on Error
FATAL | 2021-09-22 08:28:09 | [main] javapratice.App (App.java:20) - Hello,WorldWill Be Printed On Fatal
INFO  | 2021-09-22 08:28:09 | [main] javapratice.App (App.java:21) - Appending string: Hello,World.
